[0.038s] Invoking command in '/home/zixuanh/vicon_ws/src/lightweight_vicon_bridge/build/lightweight_vicon_bridge': CMAKE_PREFIX_PATH=${CMAKE_PREFIX_PATH}:/opt/ros/humble /usr/bin/cmake --build /home/zixuanh/vicon_ws/src/lightweight_vicon_bridge/build/lightweight_vicon_bridge -- -j16 -l16
[0.065s] [  1%] Built target lightweight_vicon_bridge__cpp
[0.065s] [ 12%] Built target lightweight_vicon_bridge__rosidl_generator_c
[0.070s] [ 12%] Built target ament_cmake_python_copy_lightweight_vicon_bridge
[0.077s] [ 23%] Built target lightweight_vicon_bridge__rosidl_typesupport_c
[0.077s] [ 36%] Built target lightweight_vicon_bridge__rosidl_typesupport_cpp
[0.077s] [ 55%] Built target lightweight_vicon_bridge__rosidl_typesupport_introspection_cpp
[0.077s] [ 58%] Built target lightweight_vicon_bridge__rosidl_typesupport_fastrtps_cpp
[0.077s] [ 66%] Built target lightweight_vicon_bridge__rosidl_typesupport_fastrtps_c
[0.078s] [ 76%] Built target lightweight_vicon_bridge__rosidl_typesupport_introspection_c
[0.083s] [35m[1mConsolidate compiler generated dependencies of target lightweight_vicon_bridge_node[0m
[0.088s] [ 76%] Built target lightweight_vicon_bridge
[0.093s] [ 78%] [32mBuilding CXX object CMakeFiles/lightweight_vicon_bridge_node.dir/src/lightweight_vicon_bridge_node.cpp.o[0m
[0.099s] [ 80%] Built target lightweight_vicon_bridge__py
[0.113s] [ 89%] Built target lightweight_vicon_bridge__rosidl_generator_py
[0.132s] [ 95%] Built target lightweight_vicon_bridge__rosidl_typesupport_introspection_c__pyext
[0.132s] [ 95%] Built target lightweight_vicon_bridge__rosidl_typesupport_fastrtps_c__pyext
[0.132s] [ 98%] Built target lightweight_vicon_bridge__rosidl_typesupport_c__pyext
[0.216s] running egg_info
[0.217s] writing lightweight_vicon_bridge.egg-info/PKG-INFO
[0.217s] writing dependency_links to lightweight_vicon_bridge.egg-info/dependency_links.txt
[0.217s] writing top-level names to lightweight_vicon_bridge.egg-info/top_level.txt
[0.218s] reading manifest file 'lightweight_vicon_bridge.egg-info/SOURCES.txt'
[0.218s] writing manifest file 'lightweight_vicon_bridge.egg-info/SOURCES.txt'
[0.240s] [ 98%] Built target ament_cmake_python_build_lightweight_vicon_bridge_egg
[1.416s] [01m[K/home/zixuanh/vicon_ws/src/lightweight_vicon_bridge/src/lightweight_vicon_bridge_node.cpp:[m[K In function â€˜[01m[Kint main(int, char**)[m[Kâ€™:
[1.416s] [01m[K/home/zixuanh/vicon_ws/src/lightweight_vicon_bridge/src/lightweight_vicon_bridge_node.cpp:90:117:[m[K [01;31m[Kerror: [m[Kclass template argument deduction failed:
[1.416s]    90 | ocap_pub = node->create_publisher<lightweight_vicon_bridge::msg::MocapState>(tracker_topic, 1[01;31m[K)[m[K;
[1.416s]       |                                                                                              [01;31m[K^[m[K
[1.416s] 
[1.416s] [01m[K/home/zixuanh/vicon_ws/src/lightweight_vicon_bridge/src/lightweight_vicon_bridge_node.cpp:90:117:[m[K [01;31m[Kerror: [m[Kno matching function for call to â€˜[01m[KPublisher(std::shared_ptr<rclcpp::Publisher<lightweight_vicon_bridge::msg::MocapState_<std::allocator<void> >, std::allocator<void> > >)[m[Kâ€™
[1.416s] In file included from [01m[K/opt/ros/humble/include/rclcpp/rclcpp/topic_statistics/subscription_topic_statistics.hpp:31[m[K,
[1.416s]                  from [01m[K/opt/ros/humble/include/rclcpp/rclcpp/subscription.hpp:50[m[K,
[1.416s]                  from [01m[K/opt/ros/humble/include/rclcpp/rclcpp/any_executable.hpp:25[m[K,
[1.416s]                  from [01m[K/opt/ros/humble/include/rclcpp/rclcpp/memory_strategy.hpp:25[m[K,
[1.416s]                  from [01m[K/opt/ros/humble/include/rclcpp/rclcpp/memory_strategies.hpp:18[m[K,
[1.417s]                  from [01m[K/opt/ros/humble/include/rclcpp/rclcpp/executor_options.hpp:20[m[K,
[1.417s]                  from [01m[K/opt/ros/humble/include/rclcpp/rclcpp/executor.hpp:37[m[K,
[1.417s]                  from [01m[K/opt/ros/humble/include/rclcpp/rclcpp/executors/multi_threaded_executor.hpp:25[m[K,
[1.417s]                  from [01m[K/opt/ros/humble/include/rclcpp/rclcpp/executors.hpp:21[m[K,
[1.417s]                  from [01m[K/opt/ros/humble/include/rclcpp/rclcpp/rclcpp.hpp:155[m[K,
[1.417s]                  from [01m[K/home/zixuanh/vicon_ws/src/lightweight_vicon_bridge/src/lightweight_vicon_bridge_node.cpp:10[m[K:
[1.417s] [01m[K/opt/ros/humble/include/rclcpp/rclcpp/publisher.hpp:125:3:[m[K [01;36m[Knote: [m[Kcandidate: â€˜[01m[Ktemplate<class MessageT, class AllocatorT> Publisher(rclcpp::node_interfaces::NodeBaseInterface*, const string&, const rclcpp::QoS&, const rclcpp::PublisherOptionsWithAllocator<AllocatorT>&)-> rclcpp::Publisher<MessageT, AllocatorT>[m[Kâ€™
[1.417s]   125 |   [01;36m[KPublisher[m[K(
[1.417s]       |   [01;36m[K^~~~~~~~~[m[K
[1.417s] [01m[K/opt/ros/humble/include/rclcpp/rclcpp/publisher.hpp:125:3:[m[K [01;36m[Knote: [m[K  template argument deduction/substitution failed:
[1.417s] [01m[K/home/zixuanh/vicon_ws/src/lightweight_vicon_bridge/src/lightweight_vicon_bridge_node.cpp:90:117:[m[K [01;36m[Knote: [m[K  candidate expects 4 arguments, 1 provided
[1.417s]    90 | ocap_pub = node->create_publisher<lightweight_vicon_bridge::msg::MocapState>(tracker_topic, 1[01;36m[K)[m[K;
[1.417s]       |                                                                                              [01;36m[K^[m[K
[1.417s] 
[1.417s] In file included from [01m[K/opt/ros/humble/include/rclcpp/rclcpp/topic_statistics/subscription_topic_statistics.hpp:31[m[K,
[1.417s]                  from [01m[K/opt/ros/humble/include/rclcpp/rclcpp/subscription.hpp:50[m[K,
[1.417s]                  from [01m[K/opt/ros/humble/include/rclcpp/rclcpp/any_executable.hpp:25[m[K,
[1.417s]                  from [01m[K/opt/ros/humble/include/rclcpp/rclcpp/memory_strategy.hpp:25[m[K,
[1.417s]                  from [01m[K/opt/ros/humble/include/rclcpp/rclcpp/memory_strategies.hpp:18[m[K,
[1.417s]                  from [01m[K/opt/ros/humble/include/rclcpp/rclcpp/executor_options.hpp:20[m[K,
[1.417s]                  from [01m[K/opt/ros/humble/include/rclcpp/rclcpp/executor.hpp:37[m[K,
[1.417s]                  from [01m[K/opt/ros/humble/include/rclcpp/rclcpp/executors/multi_threaded_executor.hpp:25[m[K,
[1.417s]                  from [01m[K/opt/ros/humble/include/rclcpp/rclcpp/executors.hpp:21[m[K,
[1.417s]                  from [01m[K/opt/ros/humble/include/rclcpp/rclcpp/rclcpp.hpp:155[m[K,
[1.417s]                  from [01m[K/home/zixuanh/vicon_ws/src/lightweight_vicon_bridge/src/lightweight_vicon_bridge_node.cpp:10[m[K:
[1.417s] [01m[K/opt/ros/humble/include/rclcpp/rclcpp/publisher.hpp:77:7:[m[K [01;36m[Knote: [m[Kcandidate: â€˜[01m[Ktemplate<class MessageT, class AllocatorT> Publisher(rclcpp::Publisher<MessageT, AllocatorT>)-> rclcpp::Publisher<MessageT, AllocatorT>[m[Kâ€™
[1.417s]    77 | class [01;36m[KPublisher[m[K : public PublisherBase
[1.417s]       |       [01;36m[K^~~~~~~~~[m[K
[1.417s] [01m[K/opt/ros/humble/include/rclcpp/rclcpp/publisher.hpp:77:7:[m[K [01;36m[Knote: [m[K  template argument deduction/substitution failed:
[1.417s] [01m[K/home/zixuanh/vicon_ws/src/lightweight_vicon_bridge/src/lightweight_vicon_bridge_node.cpp:90:117:[m[K [01;36m[Knote: [m[K  â€˜[01m[Kstd::shared_ptr<rclcpp::Publisher<lightweight_vicon_bridge::msg::MocapState_<std::allocator<void> >, std::allocator<void> > >[m[Kâ€™ is not derived from â€˜[01m[Krclcpp::Publisher<MessageT, AllocatorT>[m[Kâ€™
[1.418s]    90 | ocap_pub = node->create_publisher<lightweight_vicon_bridge::msg::MocapState>(tracker_topic, 1[01;36m[K)[m[K;
[1.418s]       |                                                                                              [01;36m[K^[m[K
[1.418s] 
[1.418s] [01m[K/home/zixuanh/vicon_ws/src/lightweight_vicon_bridge/src/lightweight_vicon_bridge_node.cpp:133:55:[m[K [01;31m[Kerror: [m[Kconversion from â€˜[01m[Kconst double[m[Kâ€™ to non-scalar type â€˜[01m[Kconst rclcpp::Duration[m[Kâ€™ requested
[1.418s]   133 |             const rclcpp::Duration latency_duration = [01;31m[Ktotal_latency[m[K;
[1.418s]       |                                                       [01;31m[K^~~~~~~~~~~~~[m[K
[1.418s] [01m[K/home/zixuanh/vicon_ws/src/lightweight_vicon_bridge/src/lightweight_vicon_bridge_node.cpp:134:61:[m[K [01;31m[Kerror: [m[Kâ€˜[01m[Know[m[Kâ€™ is not a member of â€˜[01m[Krclcpp::Time[m[Kâ€™
[1.418s]   134 |             const rclcpp::Time current_time = rclcpp::Time::[01;31m[Know[m[K();
[1.418s]       |                                                             [01;31m[K^~~[m[K
[1.418s] [01m[K/home/zixuanh/vicon_ws/src/lightweight_vicon_bridge/src/lightweight_vicon_bridge_node.cpp:136:30:[m[K [01;31m[Kerror: [m[Kâ€˜[01m[Kconst class rclcpp::Time[m[Kâ€™ has no member named â€˜[01m[KtoSec[m[Kâ€™
[1.418s]   136 |             if (current_time.[01;31m[KtoSec[m[K() > latency_duration.toSec())
[1.418s]       |                              [01;31m[K^~~~~[m[K
[1.418s] [01m[K/home/zixuanh/vicon_ws/src/lightweight_vicon_bridge/src/lightweight_vicon_bridge_node.cpp:136:57:[m[K [01;31m[Kerror: [m[Kâ€˜[01m[Kconst class rclcpp::Duration[m[Kâ€™ has no member named â€˜[01m[KtoSec[m[Kâ€™
[1.418s]   136 |             if (current_time.toSec() > latency_duration.[01;31m[KtoSec[m[K())
[1.418s]       |                                                         [01;31m[K^~~~~[m[K
[1.418s] [01m[K/home/zixuanh/vicon_ws/src/lightweight_vicon_bridge/src/lightweight_vicon_bridge_node.cpp:186:43:[m[K [01;31m[Kerror: [m[Kâ€˜[01m[Kusing _tracked_objects_type = struct lightweight_vicon_bridge::msg::MocapObject_<std::allocator<void> >[m[Kâ€™ {aka â€˜[01m[Kstruct lightweight_vicon_bridge::msg::MocapObject_<std::allocator<void> >[m[Kâ€™} has no member named â€˜[01m[Kpush_back[m[Kâ€™
[1.418s]   186 |                 state_msg.tracked_objects.[01;31m[Kpush_back[m[K(object_msg);
[1.418s]       |                                           [01;31m[K^~~~~~~~~[m[K
[1.828s] gmake[2]: *** [CMakeFiles/lightweight_vicon_bridge_node.dir/build.make:76: CMakeFiles/lightweight_vicon_bridge_node.dir/src/lightweight_vicon_bridge_node.cpp.o] Error 1
[1.828s] gmake[1]: *** [CMakeFiles/Makefile2:593: CMakeFiles/lightweight_vicon_bridge_node.dir/all] Error 2
[1.828s] gmake: *** [Makefile:146: all] Error 2
[1.829s] Invoked command in '/home/zixuanh/vicon_ws/src/lightweight_vicon_bridge/build/lightweight_vicon_bridge' returned '2': CMAKE_PREFIX_PATH=${CMAKE_PREFIX_PATH}:/opt/ros/humble /usr/bin/cmake --build /home/zixuanh/vicon_ws/src/lightweight_vicon_bridge/build/lightweight_vicon_bridge -- -j16 -l16
