[0.037s] Invoking command in '/home/zixuanh/vicon_ws/src/lightweight_vicon_bridge/build/lightweight_vicon_bridge': CMAKE_PREFIX_PATH=${CMAKE_PREFIX_PATH}:/opt/ros/humble /usr/bin/cmake --build /home/zixuanh/vicon_ws/src/lightweight_vicon_bridge/build/lightweight_vicon_bridge -- -j16 -l16
[0.063s] [  1%] Built target lightweight_vicon_bridge__cpp
[0.063s] [ 12%] Built target lightweight_vicon_bridge__rosidl_generator_c
[0.068s] [ 12%] Built target ament_cmake_python_copy_lightweight_vicon_bridge
[0.075s] [ 23%] Built target lightweight_vicon_bridge__rosidl_typesupport_c
[0.075s] [ 33%] Built target lightweight_vicon_bridge__rosidl_typesupport_cpp
[0.075s] [ 49%] Built target lightweight_vicon_bridge__rosidl_typesupport_introspection_c
[0.075s] [ 66%] Built target lightweight_vicon_bridge__rosidl_typesupport_fastrtps_cpp
[0.075s] [ 66%] Built target lightweight_vicon_bridge__rosidl_typesupport_introspection_cpp
[0.075s] [ 76%] Built target lightweight_vicon_bridge__rosidl_typesupport_fastrtps_c
[0.081s] [35m[1mConsolidate compiler generated dependencies of target lightweight_vicon_bridge_node[0m
[0.086s] [ 76%] Built target lightweight_vicon_bridge
[0.091s] [ 78%] [32mBuilding CXX object CMakeFiles/lightweight_vicon_bridge_node.dir/src/lightweight_vicon_bridge_node.cpp.o[0m
[0.096s] [ 80%] Built target lightweight_vicon_bridge__py
[0.109s] [ 89%] Built target lightweight_vicon_bridge__rosidl_generator_py
[0.126s] [ 98%] Built target lightweight_vicon_bridge__rosidl_typesupport_c__pyext
[0.126s] [ 98%] Built target lightweight_vicon_bridge__rosidl_typesupport_introspection_c__pyext
[0.126s] [ 98%] Built target lightweight_vicon_bridge__rosidl_typesupport_fastrtps_c__pyext
[0.208s] running egg_info
[0.209s] writing lightweight_vicon_bridge.egg-info/PKG-INFO
[0.209s] writing dependency_links to lightweight_vicon_bridge.egg-info/dependency_links.txt
[0.209s] writing top-level names to lightweight_vicon_bridge.egg-info/top_level.txt
[0.210s] reading manifest file 'lightweight_vicon_bridge.egg-info/SOURCES.txt'
[0.210s] writing manifest file 'lightweight_vicon_bridge.egg-info/SOURCES.txt'
[0.224s] [ 98%] Built target ament_cmake_python_build_lightweight_vicon_bridge_egg
[1.322s] [01m[K/home/zixuanh/vicon_ws/src/lightweight_vicon_bridge/src/lightweight_vicon_bridge_node.cpp:[m[K In function â€˜[01m[Kint main(int, char**)[m[Kâ€™:
[1.323s] [01m[K/home/zixuanh/vicon_ws/src/lightweight_vicon_bridge/src/lightweight_vicon_bridge_node.cpp:90:84:[m[K [01;31m[Kerror: [m[Kâ€˜[01m[KMocapState[m[Kâ€™ is not a member of â€˜[01m[Klightweight_vicon_bridge[m[Kâ€™; did you mean â€˜[01m[Klightweight_vicon_bridge::msg::MocapState[m[Kâ€™?
[1.323s]    90 |     rclcpp::Publisher mocap_pub = node->create_publisher<lightweight_vicon_bridge::[01;31m[KMocapState[m[K>(tracker_topic, 1, false);
[1.323s]       |                                                                                    [01;31m[K^~~~~~~~~~[m[K
[1.323s] In file included from [01m[K/home/zixuanh/vicon_ws/src/lightweight_vicon_bridge/build/lightweight_vicon_bridge/rosidl_generator_cpp/lightweight_vicon_bridge/msg/mocap_state.hpp:7[m[K,
[1.323s]                  from [01m[K/home/zixuanh/vicon_ws/src/lightweight_vicon_bridge/src/lightweight_vicon_bridge_node.cpp:11[m[K:
[1.323s] [01m[K/home/zixuanh/vicon_ws/src/lightweight_vicon_bridge/build/lightweight_vicon_bridge/rosidl_generator_cpp/lightweight_vicon_bridge/msg/detail/mocap_state__struct.hpp:156:7:[m[K [01;36m[Knote: [m[Kâ€˜[01m[Klightweight_vicon_bridge::msg::MocapState[m[Kâ€™ declared here
[1.323s]   156 | using [01;36m[KMocapState[m[K =
[1.323s]       |       [01;36m[K^~~~~~~~~~[m[K
[1.323s] [01m[K/home/zixuanh/vicon_ws/src/lightweight_vicon_bridge/src/lightweight_vicon_bridge_node.cpp:90:95:[m[K [01;31m[Kerror: [m[Kno matching function for call to â€˜[01m[Krclcpp::Node::create_publisher<<expression error> >(std::string&, int, bool)[m[Kâ€™
[1.323s]    90 | ::Publisher mocap_pub = [01;31m[Knode->create_publisher<lightweight_vicon_bridge::MocapState>(tracker_topic, 1, false)[m[K;
[1.323s]       |                         [01;31m[K~~~~~~~~~~~~~~~~~~~~~~~~~~~~~~~~~~~~~~~~~~~~~~~~~~~~~~~~~~~~^~~~~~~~~~~~~~~~~~~~~~~~~[m[K
[1.323s] 
[1.323s] In file included from [01m[K/opt/ros/humble/include/rclcpp/rclcpp/executors/single_threaded_executor.hpp:28[m[K,
[1.323s]                  from [01m[K/opt/ros/humble/include/rclcpp/rclcpp/executors.hpp:22[m[K,
[1.323s]                  from [01m[K/opt/ros/humble/include/rclcpp/rclcpp/rclcpp.hpp:155[m[K,
[1.323s]                  from [01m[K/home/zixuanh/vicon_ws/src/lightweight_vicon_bridge/src/lightweight_vicon_bridge_node.cpp:10[m[K:
[1.323s] [01m[K/opt/ros/humble/include/rclcpp/rclcpp/node.hpp:195:3:[m[K [01;36m[Knote: [m[Kcandidate: â€˜[01m[Ktemplate<class MessageT, class AllocatorT, class PublisherT> std::shared_ptr<PublisherT> rclcpp::Node::create_publisher(const string&, const rclcpp::QoS&, const rclcpp::PublisherOptionsWithAllocator<AllocatorT>&)[m[Kâ€™
[1.323s]   195 |   [01;36m[Kcreate_publisher[m[K(
[1.323s]       |   [01;36m[K^~~~~~~~~~~~~~~~[m[K
[1.323s] [01m[K/opt/ros/humble/include/rclcpp/rclcpp/node.hpp:195:3:[m[K [01;36m[Knote: [m[K  template argument deduction/substitution failed:
[1.323s] [01m[K/home/zixuanh/vicon_ws/src/lightweight_vicon_bridge/src/lightweight_vicon_bridge_node.cpp:90:95:[m[K [01;31m[Kerror: [m[Ktemplate argument 1 is invalid
[1.323s]    90 | ::Publisher mocap_pub = [01;31m[Knode->create_publisher<lightweight_vicon_bridge::MocapState>(tracker_topic, 1, false)[m[K;
[1.323s]       |                         [01;31m[K~~~~~~~~~~~~~~~~~~~~~~~~~~~~~~~~~~~~~~~~~~~~~~~~~~~~~~~~~~~~^~~~~~~~~~~~~~~~~~~~~~~~~[m[K
[1.323s] 
[1.324s] [01m[K/home/zixuanh/vicon_ws/src/lightweight_vicon_bridge/src/lightweight_vicon_bridge_node.cpp:133:66:[m[K [01;31m[Kerror: [m[Kno matching function for call to â€˜[01m[Krclcpp::Duration::Duration(const double&)[m[Kâ€™
[1.324s]   133 |             const rclcpp::Duration latency_duration(total_latency[01;31m[K)[m[K;
[1.324s]       |                                                                  [01;31m[K^[m[K
[1.324s] In file included from [01m[K/opt/ros/humble/include/rclcpp/rclcpp/qos.hpp:20[m[K,
[1.324s]                  from [01m[K/opt/ros/humble/include/rclcpp/rclcpp/node_interfaces/node_graph_interface.hpp:32[m[K,
[1.324s]                  from [01m[K/opt/ros/humble/include/rclcpp/rclcpp/client.hpp:42[m[K,
[1.324s]                  from [01m[K/opt/ros/humble/include/rclcpp/rclcpp/callback_group.hpp:24[m[K,
[1.324s]                  from [01m[K/opt/ros/humble/include/rclcpp/rclcpp/any_executable.hpp:20[m[K,
[1.324s]                  from [01m[K/opt/ros/humble/include/rclcpp/rclcpp/memory_strategy.hpp:25[m[K,
[1.324s]                  from [01m[K/opt/ros/humble/include/rclcpp/rclcpp/memory_strategies.hpp:18[m[K,
[1.324s]                  from [01m[K/opt/ros/humble/include/rclcpp/rclcpp/executor_options.hpp:20[m[K,
[1.324s]                  from [01m[K/opt/ros/humble/include/rclcpp/rclcpp/executor.hpp:37[m[K,
[1.324s]                  from [01m[K/opt/ros/humble/include/rclcpp/rclcpp/executors/multi_threaded_executor.hpp:25[m[K,
[1.324s]                  from [01m[K/opt/ros/humble/include/rclcpp/rclcpp/executors.hpp:21[m[K,
[1.324s]                  from [01m[K/opt/ros/humble/include/rclcpp/rclcpp/rclcpp.hpp:155[m[K,
[1.324s]                  from [01m[K/home/zixuanh/vicon_ws/src/lightweight_vicon_bridge/src/lightweight_vicon_bridge_node.cpp:10[m[K:
[1.324s] [01m[K/opt/ros/humble/include/rclcpp/rclcpp/duration.hpp:48:3:[m[K [01;36m[Knote: [m[Kcandidate: â€˜[01m[Ktemplate<class Rep, class Period> rclcpp::Duration::Duration(const std::chrono::duration<_Rep1, _Period1>&)[m[Kâ€™
[1.324s]    48 |   [01;36m[KDuration[m[K(const std::chrono::duration<Rep, Period> & duration)  // NOLINT(runtime/explicit)
[1.324s]       |   [01;36m[K^~~~~~~~[m[K
[1.324s] [01m[K/opt/ros/humble/include/rclcpp/rclcpp/duration.hpp:48:3:[m[K [01;36m[Knote: [m[K  template argument deduction/substitution failed:
[1.324s] [01m[K/home/zixuanh/vicon_ws/src/lightweight_vicon_bridge/src/lightweight_vicon_bridge_node.cpp:133:66:[m[K [01;36m[Knote: [m[K  mismatched types â€˜[01m[Kconst std::chrono::duration<_Rep1, _Period1>[m[Kâ€™ and â€˜[01m[Kconst double[m[Kâ€™
[1.324s]   133 |             const rclcpp::Duration latency_duration(total_latency[01;36m[K)[m[K;
[1.324s]       |                                                                  [01;36m[K^[m[K
[1.324s] In file included from [01m[K/opt/ros/humble/include/rclcpp/rclcpp/qos.hpp:20[m[K,
[1.325s]                  from [01m[K/opt/ros/humble/include/rclcpp/rclcpp/node_interfaces/node_graph_interface.hpp:32[m[K,
[1.325s]                  from [01m[K/opt/ros/humble/include/rclcpp/rclcpp/client.hpp:42[m[K,
[1.325s]                  from [01m[K/opt/ros/humble/include/rclcpp/rclcpp/callback_group.hpp:24[m[K,
[1.325s]                  from [01m[K/opt/ros/humble/include/rclcpp/rclcpp/any_executable.hpp:20[m[K,
[1.325s]                  from [01m[K/opt/ros/humble/include/rclcpp/rclcpp/memory_strategy.hpp:25[m[K,
[1.325s]                  from [01m[K/opt/ros/humble/include/rclcpp/rclcpp/memory_strategies.hpp:18[m[K,
[1.325s]                  from [01m[K/opt/ros/humble/include/rclcpp/rclcpp/executor_options.hpp:20[m[K,
[1.325s]                  from [01m[K/opt/ros/humble/include/rclcpp/rclcpp/executor.hpp:37[m[K,
[1.325s]                  from [01m[K/opt/ros/humble/include/rclcpp/rclcpp/executors/multi_threaded_executor.hpp:25[m[K,
[1.325s]                  from [01m[K/opt/ros/humble/include/rclcpp/rclcpp/executors.hpp:21[m[K,
[1.325s]                  from [01m[K/opt/ros/humble/include/rclcpp/rclcpp/rclcpp.hpp:155[m[K,
[1.325s]                  from [01m[K/home/zixuanh/vicon_ws/src/lightweight_vicon_bridge/src/lightweight_vicon_bridge_node.cpp:10[m[K:
[1.325s] [01m[K/opt/ros/humble/include/rclcpp/rclcpp/duration.hpp:151:3:[m[K [01;36m[Knote: [m[Kcandidate: â€˜[01m[Krclcpp::Duration::Duration()[m[Kâ€™
[1.325s]   151 |   [01;36m[KDuration[m[K() = default;
[1.325s]       |   [01;36m[K^~~~~~~~[m[K
[1.325s] [01m[K/opt/ros/humble/include/rclcpp/rclcpp/duration.hpp:151:3:[m[K [01;36m[Knote: [m[K  candidate expects 0 arguments, 1 provided
[1.325s] [01m[K/opt/ros/humble/include/rclcpp/rclcpp/duration.hpp:61:3:[m[K [01;36m[Knote: [m[Kcandidate: â€˜[01m[Krclcpp::Duration::Duration(const rclcpp::Duration&)[m[Kâ€™
[1.325s]    61 |   [01;36m[KDuration[m[K(const Duration & rhs);
[1.325s]       |   [01;36m[K^~~~~~~~[m[K
[1.325s] [01m[K/opt/ros/humble/include/rclcpp/rclcpp/duration.hpp:61:29:[m[K [01;36m[Knote: [m[K  no known conversion for argument 1 from â€˜[01m[Kconst double[m[Kâ€™ to â€˜[01m[Kconst rclcpp::Duration&[m[Kâ€™
[1.325s]    61 |   Duration([01;36m[Kconst Duration & rhs[m[K);
[1.325s]       |            [01;36m[K~~~~~~~~~~~~~~~~~^~~[m[K
[1.325s] [01m[K/opt/ros/humble/include/rclcpp/rclcpp/duration.hpp:59:12:[m[K [01;36m[Knote: [m[Kcandidate: â€˜[01m[Krclcpp::Duration::Duration(const rcl_duration_t&)[m[Kâ€™
[1.325s]    59 |   explicit [01;36m[KDuration[m[K(const rcl_duration_t & duration);
[1.325s]       |            [01;36m[K^~~~~~~~[m[K
[1.325s] [01m[K/opt/ros/humble/include/rclcpp/rclcpp/duration.hpp:59:44:[m[K [01;36m[Knote: [m[K  no known conversion for argument 1 from â€˜[01m[Kconst double[m[Kâ€™ to â€˜[01m[Kconst rcl_duration_t&[m[Kâ€™ {aka â€˜[01m[Kconst rcl_duration_s&[m[Kâ€™}
[1.325s]    59 |   explicit Duration([01;36m[Kconst rcl_duration_t & duration[m[K);
[1.325s]       |                     [01;36m[K~~~~~~~~~~~~~~~~~~~~~~~^~~~~~~~[m[K
[1.325s] [01m[K/opt/ros/humble/include/rclcpp/rclcpp/duration.hpp:53:3:[m[K [01;36m[Knote: [m[Kcandidate: â€˜[01m[Krclcpp::Duration::Duration(const Duration&)[m[Kâ€™
[1.325s]    53 |   [01;36m[KDuration[m[K(const builtin_interfaces::msg::Duration & duration_msg);  // NOLINT(runtime/explicit)
[1.325s]       |   [01;36m[K^~~~~~~~[m[K
[1.326s] [01m[K/opt/ros/humble/include/rclcpp/rclcpp/duration.hpp:53:54:[m[K [01;36m[Knote: [m[K  no known conversion for argument 1 from â€˜[01m[Kconst double[m[Kâ€™ to â€˜[01m[Kconst Duration&[m[Kâ€™ {aka â€˜[01m[Kconst builtin_interfaces::msg::Duration_<std::allocator<void> >&[m[Kâ€™}
[1.326s]    53 |   Duration([01;36m[Kconst builtin_interfaces::msg::Duration & duration_msg[m[K);  // NOLINT(runtime/explicit)
[1.326s]       |            [01;36m[K~~~~~~~~~~~~~~~~~~~~~~~~~~~~~~~~~~~~~~~~~~^~~~~~~~~~~~[m[K
[1.326s] [01m[K/opt/ros/humble/include/rclcpp/rclcpp/duration.hpp:42:12:[m[K [01;36m[Knote: [m[Kcandidate: â€˜[01m[Krclcpp::Duration::Duration(std::chrono::nanoseconds)[m[Kâ€™
[1.326s]    42 |   explicit [01;36m[KDuration[m[K(std::chrono::nanoseconds nanoseconds);
[1.326s]       |            [01;36m[K^~~~~~~~[m[K
[1.326s] [01m[K/opt/ros/humble/include/rclcpp/rclcpp/duration.hpp:42:46:[m[K [01;36m[Knote: [m[K  no known conversion for argument 1 from â€˜[01m[Kconst double[m[Kâ€™ to â€˜[01m[Kstd::chrono::nanoseconds[m[Kâ€™ {aka â€˜[01m[Kstd::chrono::duration<long int, std::ratio<1, 1000000000> >[m[Kâ€™}
[1.326s]    42 |   explicit Duration([01;36m[Kstd::chrono::nanoseconds nanoseconds[m[K);
[1.326s]       |                     [01;36m[K~~~~~~~~~~~~~~~~~~~~~~~~~^~~~~~~~~~~[m[K
[1.326s] [01m[K/opt/ros/humble/include/rclcpp/rclcpp/duration.hpp:39:3:[m[K [01;36m[Knote: [m[Kcandidate: â€˜[01m[Krclcpp::Duration::Duration(int32_t, uint32_t)[m[Kâ€™
[1.326s]    39 |   [01;36m[KDuration[m[K(int32_t seconds, uint32_t nanoseconds);
[1.326s]       |   [01;36m[K^~~~~~~~[m[K
[1.326s] [01m[K/opt/ros/humble/include/rclcpp/rclcpp/duration.hpp:39:3:[m[K [01;36m[Knote: [m[K  candidate expects 2 arguments, 1 provided
[1.326s] [01m[K/home/zixuanh/vicon_ws/src/lightweight_vicon_bridge/src/lightweight_vicon_bridge_node.cpp:134:61:[m[K [01;31m[Kerror: [m[Kâ€˜[01m[Know[m[Kâ€™ is not a member of â€˜[01m[Krclcpp::Time[m[Kâ€™
[1.326s]   134 |             const rclcpp::Time current_time = rclcpp::Time::[01;31m[Know[m[K();
[1.326s]       |                                                             [01;31m[K^~~[m[K
[1.326s] [01m[K/home/zixuanh/vicon_ws/src/lightweight_vicon_bridge/src/lightweight_vicon_bridge_node.cpp:136:30:[m[K [01;31m[Kerror: [m[Kâ€˜[01m[Kconst class rclcpp::Time[m[Kâ€™ has no member named â€˜[01m[KtoSec[m[Kâ€™
[1.326s]   136 |             if (current_time.[01;31m[KtoSec[m[K() > latency_duration.toSec())
[1.326s]       |                              [01;31m[K^~~~~[m[K
[1.326s] [01m[K/home/zixuanh/vicon_ws/src/lightweight_vicon_bridge/src/lightweight_vicon_bridge_node.cpp:136:57:[m[K [01;31m[Kerror: [m[Kâ€˜[01m[Kconst class rclcpp::Duration[m[Kâ€™ has no member named â€˜[01m[KtoSec[m[Kâ€™
[1.326s]   136 |             if (current_time.toSec() > latency_duration.[01;31m[KtoSec[m[K())
[1.326s]       |                                                         [01;31m[K^~~~~[m[K
[1.326s] [01m[K/home/zixuanh/vicon_ws/src/lightweight_vicon_bridge/src/lightweight_vicon_bridge_node.cpp:145:39:[m[K [01;31m[Kerror: [m[Kâ€˜[01m[KMocapState[m[Kâ€™ is not a member of â€˜[01m[Klightweight_vicon_bridge[m[Kâ€™; did you mean â€˜[01m[Klightweight_vicon_bridge::msg::MocapState[m[Kâ€™?
[1.326s]   145 |             lightweight_vicon_bridge::[01;31m[KMocapState[m[K state_msg;
[1.326s]       |                                       [01;31m[K^~~~~~~~~~[m[K
[1.326s] In file included from [01m[K/home/zixuanh/vicon_ws/src/lightweight_vicon_bridge/build/lightweight_vicon_bridge/rosidl_generator_cpp/lightweight_vicon_bridge/msg/mocap_state.hpp:7[m[K,
[1.326s]                  from [01m[K/home/zixuanh/vicon_ws/src/lightweight_vicon_bridge/src/lightweight_vicon_bridge_node.cpp:11[m[K:
[1.326s] [01m[K/home/zixuanh/vicon_ws/src/lightweight_vicon_bridge/build/lightweight_vicon_bridge/rosidl_generator_cpp/lightweight_vicon_bridge/msg/detail/mocap_state__struct.hpp:156:7:[m[K [01;36m[Knote: [m[Kâ€˜[01m[Klightweight_vicon_bridge::msg::MocapState[m[Kâ€™ declared here
[1.327s]   156 | using [01;36m[KMocapState[m[K =
[1.327s]       |       [01;36m[K^~~~~~~~~~[m[K
[1.327s] [01m[K/home/zixuanh/vicon_ws/src/lightweight_vicon_bridge/src/lightweight_vicon_bridge_node.cpp:146:13:[m[K [01;31m[Kerror: [m[Kâ€˜[01m[Kstate_msg[m[Kâ€™ was not declared in this scope
[1.327s]   146 |             [01;31m[Kstate_msg[m[K.header.frame_id = tracker_frame_name;
[1.327s]       |             [01;31m[K^~~~~~~~~[m[K
[1.327s] [01m[K/home/zixuanh/vicon_ws/src/lightweight_vicon_bridge/src/lightweight_vicon_bridge_node.cpp:154:43:[m[K [01;31m[Kerror: [m[Kâ€˜[01m[KMocapObject[m[Kâ€™ is not a member of â€˜[01m[Klightweight_vicon_bridge[m[Kâ€™; did you mean â€˜[01m[Klightweight_vicon_bridge::msg::MocapObject[m[Kâ€™?
[1.327s]   154 |                 lightweight_vicon_bridge::[01;31m[KMocapObject[m[K object_msg;
[1.327s]       |                                           [01;31m[K^~~~~~~~~~~[m[K
[1.327s] In file included from [01m[K/home/zixuanh/vicon_ws/src/lightweight_vicon_bridge/build/lightweight_vicon_bridge/rosidl_generator_cpp/lightweight_vicon_bridge/msg/detail/mocap_state__struct.hpp:22[m[K,
[1.327s]                  from [01m[K/home/zixuanh/vicon_ws/src/lightweight_vicon_bridge/build/lightweight_vicon_bridge/rosidl_generator_cpp/lightweight_vicon_bridge/msg/mocap_state.hpp:7[m[K,
[1.327s]                  from [01m[K/home/zixuanh/vicon_ws/src/lightweight_vicon_bridge/src/lightweight_vicon_bridge_node.cpp:11[m[K:
[1.327s] [01m[K/home/zixuanh/vicon_ws/src/lightweight_vicon_bridge/build/lightweight_vicon_bridge/rosidl_generator_cpp/lightweight_vicon_bridge/msg/detail/mocap_object__struct.hpp:138:7:[m[K [01;36m[Knote: [m[Kâ€˜[01m[Klightweight_vicon_bridge::msg::MocapObject[m[Kâ€™ declared here
[1.327s]   138 | using [01;36m[KMocapObject[m[K =
[1.327s]       |       [01;36m[K^~~~~~~~~~~[m[K
[1.328s] [01m[K/home/zixuanh/vicon_ws/src/lightweight_vicon_bridge/src/lightweight_vicon_bridge_node.cpp:155:17:[m[K [01;31m[Kerror: [m[Kâ€˜[01m[Kobject_msg[m[Kâ€™ was not declared in this scope; did you mean â€˜[01m[Kobjects[m[Kâ€™?
[1.328s]   155 |                 [01;31m[Kobject_msg[m[K.name = object_name;
[1.328s]       |                 [01;31m[K^~~~~~~~~~[m[K
[1.328s]       |                 [32m[Kobjects[m[K
[1.329s] [01m[K/home/zixuanh/vicon_ws/src/lightweight_vicon_bridge/src/lightweight_vicon_bridge_node.cpp:163:47:[m[K [01;31m[Kerror: [m[Kâ€˜[01m[KMocapSegment[m[Kâ€™ is not a member of â€˜[01m[Klightweight_vicon_bridge[m[Kâ€™; did you mean â€˜[01m[Klightweight_vicon_bridge::msg::MocapSegment[m[Kâ€™?
[1.329s]   163 |                     lightweight_vicon_bridge::[01;31m[KMocapSegment[m[K segment_msg;
[1.329s]       |                                               [01;31m[K^~~~~~~~~~~~[m[K
[1.329s] In file included from [01m[K/home/zixuanh/vicon_ws/src/lightweight_vicon_bridge/build/lightweight_vicon_bridge/rosidl_generator_cpp/lightweight_vicon_bridge/msg/detail/mocap_object__struct.hpp:20[m[K,
[1.329s]                  from [01m[K/home/zixuanh/vicon_ws/src/lightweight_vicon_bridge/build/lightweight_vicon_bridge/rosidl_generator_cpp/lightweight_vicon_bridge/msg/detail/mocap_state__struct.hpp:22[m[K,
[1.329s]                  from [01m[K/home/zixuanh/vicon_ws/src/lightweight_vicon_bridge/build/lightweight_vicon_bridge/rosidl_generator_cpp/lightweight_vicon_bridge/msg/mocap_state.hpp:7[m[K,
[1.329s]                  from [01m[K/home/zixuanh/vicon_ws/src/lightweight_vicon_bridge/src/lightweight_vicon_bridge_node.cpp:11[m[K:
[1.329s] [01m[K/home/zixuanh/vicon_ws/src/lightweight_vicon_bridge/build/lightweight_vicon_bridge/rosidl_generator_cpp/lightweight_vicon_bridge/msg/detail/mocap_segment__struct.hpp:154:7:[m[K [01;36m[Knote: [m[Kâ€˜[01m[Klightweight_vicon_bridge::msg::MocapSegment[m[Kâ€™ declared here
[1.329s]   154 | using [01;36m[KMocapSegment[m[K =
[1.329s]       |       [01;36m[K^~~~~~~~~~~~[m[K
[1.333s] [01m[K/home/zixuanh/vicon_ws/src/lightweight_vicon_bridge/src/lightweight_vicon_bridge_node.cpp:164:21:[m[K [01;31m[Kerror: [m[Kâ€˜[01m[Ksegment_msg[m[Kâ€™ was not declared in this scope; did you mean â€˜[01m[Ksegments[m[Kâ€™?
[1.333s]   164 |                     [01;31m[Ksegment_msg[m[K.name = segment_name;
[1.333s]       |                     [01;31m[K^~~~~~~~~~~[m[K
[1.333s]       |                     [32m[Ksegments[m[K
[1.576s] gmake[2]: *** [CMakeFiles/lightweight_vicon_bridge_node.dir/build.make:76: CMakeFiles/lightweight_vicon_bridge_node.dir/src/lightweight_vicon_bridge_node.cpp.o] Error 1
[1.576s] gmake[1]: *** [CMakeFiles/Makefile2:593: CMakeFiles/lightweight_vicon_bridge_node.dir/all] Error 2
[1.576s] gmake: *** [Makefile:146: all] Error 2
[1.577s] Invoked command in '/home/zixuanh/vicon_ws/src/lightweight_vicon_bridge/build/lightweight_vicon_bridge' returned '2': CMAKE_PREFIX_PATH=${CMAKE_PREFIX_PATH}:/opt/ros/humble /usr/bin/cmake --build /home/zixuanh/vicon_ws/src/lightweight_vicon_bridge/build/lightweight_vicon_bridge -- -j16 -l16
